      5: 0.250
      6: 0.350
      7: 0.450
      8: 0.550
    128: -0.221
    129: -0.225
    130: -0.231
    131: -0.234
    132: -0.223
    133: -0.224
    134: -0.234
    135: -0.232
    136: -0.219
    137: -0.205
    138: -0.209
    139: -0.215
    140: -0.204
    141: -0.216
    142: -0.210
    143: -0.214
    144: -0.224
    145: -0.218
    146: -0.212
    147: -0.212
    148: -0.204
    149: -0.215
    150: -0.214
    151: -0.208
    152: -0.207
    153: -0.216
    154: -0.212
    155: -0.213
    156: -0.227
    157: -0.231
    158: -0.236
    159: -0.236
    160: -0.228
    161: -0.219
    162: -0.220
    163: -0.215
    164: -0.220
    165: -0.215
    166: -0.218
    167: -0.218
    168: -0.231
    169: -0.235
    170: -0.233
    171: -0.248
    172: -0.260
    173: -0.260
    174: -0.254
    175: -0.250
    176: -0.254
    177: -0.263
    178: -0.263
    179: -0.260
    180: -0.249
    181: -0.242
    182: -0.246
    183: -0.242
    184: -0.234
    185: -0.240
    186: -0.237
    187: -0.224
    188: -0.214
    189: -0.223
    190: -0.212
    191: -0.205
    192: -0.215
    193: -0.221
    194: -0.225
    195: -0.219
    196: -0.209
    197: -0.215
    198: -0.210
    199: -0.215
    200: -0.223
    201: -0.236
    202: -0.244
    203: -0.239
    204: -0.235
    205: -0.236
    206: -0.242
    207: -0.248
    208: -0.254
    209: -0.263
    210: -0.261
    211: -0.249
    212: -0.257
    213: -0.251
    214: -0.254
    215: -0.258
    216: -0.259
    217: -0.260
    218: -0.263
    219: -0.259
    220: -0.258
    221: -0.264
    222: -0.275
    223: -0.266
    224: -0.270
    225: -0.257
    226: -0.257
    227: -0.255
    228: -0.245
    229: -0.246
    230: -0.246
    231: -0.247
    232: -0.256
    233: -0.256
    234: -0.248
    235: -0.250
    236: -0.249
    237: -0.236
    238: -0.237
    239: -0.248
    240: -0.247
    241: -0.234
    242: -0.234
    243: -0.237
    244: -0.237
    245: -0.237
    246: -0.250
    247: -0.248
    248: -0.237
    249: -0.225
    250: -0.234
    251: -0.235
    252: -0.229
    253: -0.216
    254: -0.214
    255: -0.208
